<?xml version="1.0" encoding="UTF-8"?>
<testng-results ignored="0" total="1" passed="1" failed="0" skipped="0">
  <reporter-output>
  </reporter-output>
  <suite started-at="2023-09-26T21:21:40 IST" name="Default suite" finished-at="2023-09-26T21:21:52 IST" duration-ms="11877">
    <groups>
    </groups>
    <test started-at="2023-09-26T21:21:40 IST" name="Default test" finished-at="2023-09-26T21:21:52 IST" duration-ms="11877">
      <class name="TestCases.LogoutTestCase">
        <test-method is-config="true" signature="initalize()[pri:0, instance:TestCases.LogoutTestCase@662b4c69]" started-at="2023-09-26T21:21:40 IST" name="initalize" finished-at="2023-09-26T21:21:43 IST" duration-ms="2930" status="PASS">
          <reporter-output>
          </reporter-output>
        </test-method> <!-- initalize -->
        <test-method signature="Login()[pri:0, instance:TestCases.LogoutTestCase@662b4c69]" started-at="2023-09-26T21:21:43 IST" name="Login" finished-at="2023-09-26T21:21:52 IST" duration-ms="8891" status="PASS">
          <reporter-output>
          </reporter-output>
        </test-method> <!-- Login -->
      </class> <!-- TestCases.LogoutTestCase -->
    </test> <!-- Default test -->
  </suite> <!-- Default suite -->
</testng-results>
